INFO:root:bidsmri2nidm Namespace(bidsignore=False, directory='/datasets.datalad.org/adhd200/RawDataBIDS/Brown', json_map='/Volumes/Research/dbkeator/Documents/ReproNim/simple_2/adhd200_vars_to_terms.json', jsonld=False, key='29hUT0BKdmUEgD6KLppEH9qDItY0eQXM', logfile='/Users/dbkeator/Documents/Coding/simple2_NIDM_examples/logs', outputfile='/Users/dbkeator/Documents/Coding/simple2_NIDM_examples/datasets.datalad.org/adhd200/RawDataBIDS/Brown/nidm.ttl', png=False)
INFO:root:bidsmri2nidm Namespace(bidsignore=False, directory='/datasets.datalad.org/adhd200/RawDataBIDS/Brown', json_map='/Volumes/Research/dbkeator/Documents/ReproNim/simple_2/adhd200_vars_to_terms.json', jsonld=False, key='29hUT0BKdmUEgD6KLppEH9qDItY0eQXM', logfile='/Users/dbkeator/Documents/Coding/simple2_NIDM_examples/logs', outputfile='/Users/dbkeator/Documents/Coding/simple2_NIDM_examples/datasets.datalad.org/adhd200/RawDataBIDS/Brown/nidm.ttl', png=False)
INFO:root:bidsmri2nidm Namespace(bidsignore=False, directory='/datasets.datalad.org/adhd200/RawDataBIDS/Brown', json_map='/Volumes/Research/dbkeator/Documents/ReproNim/simple_2/adhd200_vars_to_terms.json', jsonld=False, logfile='/Users/dbkeator/Documents/Coding/simple2_NIDM_examples/logs', outputfile='/Users/dbkeator/Documents/Coding/simple2_NIDM_examples/datasets.datalad.org/adhd200/RawDataBIDS/Brown/nidm.ttl', png=False)
WARNING:ontquery:You have not set an API key for the SciCrunch API! InterLexRemote will error if you try to use it.
INFO:root:26001
INFO:root:26002
INFO:root:26004
INFO:root:26005
INFO:root:26009
INFO:root:26014
INFO:root:26015
INFO:root:26016
INFO:root:26017
INFO:root:26022
INFO:root:26024
INFO:root:26027
INFO:root:26030
INFO:root:26039
INFO:root:26040
INFO:root:26041
INFO:root:26042
INFO:root:26043
INFO:root:26044
INFO:root:26045
INFO:root:26050
INFO:root:26052
INFO:root:26053
INFO:root:26054
INFO:root:26055
INFO:root:26057
INFO:root:Converting subject: 0026001
INFO:root:Converting subject: 0026002
INFO:root:Converting subject: 0026004
INFO:root:Converting subject: 0026005
INFO:root:Converting subject: 0026009
INFO:root:Converting subject: 0026014
INFO:root:Converting subject: 0026015
INFO:root:Converting subject: 0026016
INFO:root:Converting subject: 0026017
INFO:root:Converting subject: 0026022
INFO:root:Converting subject: 0026024
INFO:root:Converting subject: 0026027
INFO:root:Converting subject: 0026030
INFO:root:Converting subject: 0026039
INFO:root:Converting subject: 0026040
INFO:root:Converting subject: 0026041
INFO:root:Converting subject: 0026042
INFO:root:Converting subject: 0026043
INFO:root:Converting subject: 0026044
INFO:root:Converting subject: 0026045
INFO:root:Converting subject: 0026050
INFO:root:Converting subject: 0026052
INFO:root:Converting subject: 0026053
INFO:root:Converting subject: 0026054
INFO:root:Converting subject: 0026055
INFO:root:Converting subject: 0026057
INFO:root:Writing NIDM file....
INFO:root:Serializing NIDM graph and creating graph visualization..
INFO:root:bidsmri2nidm Namespace(bidsignore=False, directory='/datasets.datalad.org/adhd200/RawDataBIDS/Brown', json_map='/Volumes/Research/dbkeator/Documents/ReproNim/simple_2/adhd200_vars_to_terms.json', jsonld=False, logfile='/Users/dbkeator/Documents/Coding/simple2_NIDM_examples/logs', outputfile='/Users/dbkeator/Documents/Coding/simple2_NIDM_examples/datasets.datalad.org/adhd200/RawDataBIDS/Brown/nidm.ttl', png=False)
DEBUG:urllib3.connectionpool:Starting new HTTPS connection (1): scicrunch.org:443
DEBUG:urllib3.connectionpool:https://scicrunch.org:443 "GET /api/1/user/info?key=29hUT0BKdmUEgD6KLppEH9qDItY0eQXM HTTP/1.1" 200 None
DEBUG:urllib3.connectionpool:Starting new HTTPS connection (1): scicrunch.org:443
DEBUG:urllib3.connectionpool:https://scicrunch.org:443 "GET /api/1/user/info?key=29hUT0BKdmUEgD6KLppEH9qDItY0eQXM&api_key=29hUT0BKdmUEgD6KLppEH9qDItY0eQXM HTTP/1.1" 200 None
INFO:root:Error opening /Users/dbkeator/opt/anaconda3/lib/python3.7/site-packages/nidm/terms/imports/crypto_import.ttl import file..continuing
INFO:root:Error opening /Users/dbkeator/opt/anaconda3/lib/python3.7/site-packages/nidm/terms/imports/dc_import.ttl import file..continuing
INFO:root:Error opening /Users/dbkeator/opt/anaconda3/lib/python3.7/site-packages/nidm/terms/imports/iao_import.ttl import file..continuing
INFO:root:Error opening /Users/dbkeator/opt/anaconda3/lib/python3.7/site-packages/nidm/terms/imports/nfo_import.ttl import file..continuing
INFO:root:Error opening /Users/dbkeator/opt/anaconda3/lib/python3.7/site-packages/nidm/terms/imports/nlx_import.ttl import file..continuing
INFO:root:Error opening /Users/dbkeator/opt/anaconda3/lib/python3.7/site-packages/nidm/terms/imports/obi_import.ttl import file..continuing
INFO:root:Error opening /Users/dbkeator/opt/anaconda3/lib/python3.7/site-packages/nidm/terms/imports/ontoneurolog_instruments_import.ttl import file..continuing
INFO:root:Error opening /Users/dbkeator/opt/anaconda3/lib/python3.7/site-packages/nidm/terms/imports/pato_import.ttl import file..continuing
INFO:root:Error opening /Users/dbkeator/opt/anaconda3/lib/python3.7/site-packages/nidm/terms/imports/prv_import.ttl import file..continuing
INFO:root:Error opening /Users/dbkeator/opt/anaconda3/lib/python3.7/site-packages/nidm/terms/imports/qibo_import.ttl import file..continuing
INFO:root:Error opening /Users/dbkeator/opt/anaconda3/lib/python3.7/site-packages/nidm/terms/imports/sio_import.ttl import file..continuing
INFO:root:Error opening /Users/dbkeator/opt/anaconda3/lib/python3.7/site-packages/nidm/terms/imports/stato_import.ttl import file..continuing
INFO:root:26001
INFO:root:26002
INFO:root:26004
INFO:root:26005
INFO:root:26009
INFO:root:26014
INFO:root:26015
INFO:root:26016
INFO:root:26017
INFO:root:26022
INFO:root:26024
INFO:root:26027
INFO:root:26030
INFO:root:26039
INFO:root:26040
INFO:root:26041
INFO:root:26042
INFO:root:26043
INFO:root:26044
INFO:root:26045
INFO:root:26050
INFO:root:26052
INFO:root:26053
INFO:root:26054
INFO:root:26055
INFO:root:26057
INFO:root:Converting subject: 0026001
INFO:root:Converting subject: 0026002
INFO:root:Converting subject: 0026004
INFO:root:Converting subject: 0026005
INFO:root:Converting subject: 0026009
INFO:root:Converting subject: 0026014
INFO:root:Converting subject: 0026015
INFO:root:Converting subject: 0026016
INFO:root:Converting subject: 0026017
INFO:root:Converting subject: 0026022
INFO:root:Converting subject: 0026024
INFO:root:Converting subject: 0026027
INFO:root:Converting subject: 0026030
INFO:root:Converting subject: 0026039
INFO:root:Converting subject: 0026040
INFO:root:Converting subject: 0026041
INFO:root:Converting subject: 0026042
INFO:root:Converting subject: 0026043
INFO:root:Converting subject: 0026044
INFO:root:Converting subject: 0026045
INFO:root:Converting subject: 0026050
INFO:root:Converting subject: 0026052
INFO:root:Converting subject: 0026053
INFO:root:Converting subject: 0026054
INFO:root:Converting subject: 0026055
INFO:root:Converting subject: 0026057
INFO:root:Writing NIDM file....
INFO:root:Serializing NIDM graph and creating graph visualization..
INFO:root:bidsmri2nidm Namespace(bidsignore=False, directory='/datasets.datalad.org/adhd200/RawDataBIDS/Brown', json_map='/Volumes/Research/dbkeator/Documents/ReproNim/simple_2/adhd200_vars_to_terms.json', jsonld=False, logfile='/Users/dbkeator/Documents/Coding/simple2_NIDM_examples/logs', outputfile='/Users/dbkeator/Documents/Coding/simple2_NIDM_examples/datasets.datalad.org/adhd200/RawDataBIDS/Brown/nidm.ttl', png=False)
DEBUG:urllib3.connectionpool:Starting new HTTPS connection (1): scicrunch.org:443
DEBUG:urllib3.connectionpool:https://scicrunch.org:443 "GET /api/1/user/info?key=29hUT0BKdmUEgD6KLppEH9qDItY0eQXM HTTP/1.1" 200 None
DEBUG:urllib3.connectionpool:Starting new HTTPS connection (1): scicrunch.org:443
DEBUG:urllib3.connectionpool:https://scicrunch.org:443 "GET /api/1/user/info?key=29hUT0BKdmUEgD6KLppEH9qDItY0eQXM&api_key=29hUT0BKdmUEgD6KLppEH9qDItY0eQXM HTTP/1.1" 200 None
INFO:root:26001
INFO:root:26002
INFO:root:26004
INFO:root:26005
INFO:root:26009
INFO:root:26014
INFO:root:26015
INFO:root:26016
INFO:root:26017
INFO:root:26022
INFO:root:26024
INFO:root:26027
INFO:root:26030
INFO:root:26039
INFO:root:26040
INFO:root:26041
INFO:root:26042
INFO:root:26043
INFO:root:26044
INFO:root:26045
INFO:root:26050
INFO:root:26052
INFO:root:26053
INFO:root:26054
INFO:root:26055
INFO:root:26057
INFO:root:Converting subject: 0026001
INFO:root:Converting subject: 0026002
INFO:root:Converting subject: 0026004
INFO:root:Converting subject: 0026005
INFO:root:Converting subject: 0026009
INFO:root:Converting subject: 0026014
INFO:root:Converting subject: 0026015
INFO:root:Converting subject: 0026016
INFO:root:Converting subject: 0026017
INFO:root:Converting subject: 0026022
INFO:root:Converting subject: 0026024
INFO:root:Converting subject: 0026027
INFO:root:Converting subject: 0026030
INFO:root:Converting subject: 0026039
INFO:root:Converting subject: 0026040
INFO:root:Converting subject: 0026041
INFO:root:Converting subject: 0026042
INFO:root:Converting subject: 0026043
INFO:root:Converting subject: 0026044
INFO:root:Converting subject: 0026045
INFO:root:Converting subject: 0026050
INFO:root:Converting subject: 0026052
INFO:root:Converting subject: 0026053
INFO:root:Converting subject: 0026054
INFO:root:Converting subject: 0026055
INFO:root:Converting subject: 0026057
INFO:root:Writing NIDM file....
INFO:root:Serializing NIDM graph and creating graph visualization..
INFO:root:bidsmri2nidm Namespace(bidsignore=False, directory='/datasets.datalad.org/adhd200/RawDataBIDS/Brown', json_map='/Volumes/Research/dbkeator/Documents/ReproNim/simple_2/adhd200_vars_to_terms_v2.json', jsonld=False, logfile='/Users/dbkeator/Documents/Coding/simple2_NIDM_examples/logs', no_concepts=True, outputfile='/Users/dbkeator/Documents/Coding/simple2_NIDM_examples/datasets.datalad.org/adhd200/RawDataBIDS/Brown/nidm.ttl')
DEBUG:urllib3.connectionpool:Starting new HTTPS connection (1): scicrunch.org:443
DEBUG:urllib3.connectionpool:https://scicrunch.org:443 "GET /api/1/user/info?key=29hUT0BKdmUEgD6KLppEH9qDItY0eQXM HTTP/1.1" 200 None
DEBUG:urllib3.connectionpool:Starting new HTTPS connection (1): scicrunch.org:443
DEBUG:urllib3.connectionpool:https://scicrunch.org:443 "GET /api/1/user/info HTTP/1.1" 200 None
INFO:root:26001
INFO:root:26002
INFO:root:26004
INFO:root:26005
INFO:root:26009
INFO:root:26014
INFO:root:26015
INFO:root:26016
INFO:root:26017
INFO:root:26022
INFO:root:26024
INFO:root:26027
INFO:root:26030
INFO:root:26039
INFO:root:26040
INFO:root:26041
INFO:root:26042
INFO:root:26043
INFO:root:26044
INFO:root:26045
INFO:root:26050
INFO:root:26052
INFO:root:26053
INFO:root:26054
INFO:root:26055
INFO:root:26057
INFO:root:Converting subject: 0026001
INFO:root:Converting subject: 0026002
INFO:root:Converting subject: 0026004
INFO:root:Converting subject: 0026005
INFO:root:Converting subject: 0026009
INFO:root:Converting subject: 0026014
INFO:root:Converting subject: 0026015
INFO:root:Converting subject: 0026016
INFO:root:Converting subject: 0026017
INFO:root:Converting subject: 0026022
INFO:root:Converting subject: 0026024
INFO:root:Converting subject: 0026027
INFO:root:Converting subject: 0026030
INFO:root:Converting subject: 0026039
INFO:root:Converting subject: 0026040
INFO:root:Converting subject: 0026041
INFO:root:Converting subject: 0026042
INFO:root:Converting subject: 0026043
INFO:root:Converting subject: 0026044
INFO:root:Converting subject: 0026045
INFO:root:Converting subject: 0026050
INFO:root:Converting subject: 0026052
INFO:root:Converting subject: 0026053
INFO:root:Converting subject: 0026054
INFO:root:Converting subject: 0026055
INFO:root:Converting subject: 0026057
INFO:root:Writing NIDM file....
INFO:root:Serializing NIDM graph and creating graph visualization..
INFO:root:bidsmri2nidm Namespace(bidsignore=False, directory='/datasets.datalad.org/adhd200/RawDataBIDS/Brown', json_map='/Volumes/Research/dbkeator/Documents/ReproNim/simple_2/adhd200_vars_to_terms_v2.json', jsonld=False, logfile='/Users/dbkeator/Documents/Coding/simple2_NIDM_examples/logs', no_concepts=True, outputfile='/Users/dbkeator/Documents/Coding/simple2_NIDM_examples/datasets.datalad.org/adhd200/RawDataBIDS/Brown/nidm.ttl')
DEBUG:urllib3.connectionpool:Starting new HTTPS connection (1): scicrunch.org:443
DEBUG:urllib3.connectionpool:https://scicrunch.org:443 "GET /api/1/user/info?key=29hUT0BKdmUEgD6KLppEH9qDItY0eQXM HTTP/1.1" 200 None
DEBUG:urllib3.connectionpool:Starting new HTTPS connection (1): scicrunch.org:443
DEBUG:urllib3.connectionpool:https://scicrunch.org:443 "GET /api/1/user/info HTTP/1.1" 200 None
INFO:root:26001
INFO:root:26002
INFO:root:26004
INFO:root:26005
INFO:root:26009
INFO:root:26014
INFO:root:26015
INFO:root:26016
INFO:root:26017
INFO:root:26022
INFO:root:26024
INFO:root:26027
INFO:root:26030
INFO:root:26039
INFO:root:26040
INFO:root:26041
INFO:root:26042
INFO:root:26043
INFO:root:26044
INFO:root:26045
INFO:root:26050
INFO:root:26052
INFO:root:26053
INFO:root:26054
INFO:root:26055
INFO:root:26057
INFO:root:Converting subject: 0026001
INFO:root:Converting subject: 0026002
INFO:root:Converting subject: 0026004
INFO:root:Converting subject: 0026005
INFO:root:Converting subject: 0026009
INFO:root:Converting subject: 0026014
INFO:root:Converting subject: 0026015
INFO:root:Converting subject: 0026016
INFO:root:Converting subject: 0026017
INFO:root:Converting subject: 0026022
INFO:root:Converting subject: 0026024
INFO:root:Converting subject: 0026027
INFO:root:Converting subject: 0026030
INFO:root:Converting subject: 0026039
INFO:root:Converting subject: 0026040
INFO:root:Converting subject: 0026041
INFO:root:Converting subject: 0026042
INFO:root:Converting subject: 0026043
INFO:root:Converting subject: 0026044
INFO:root:Converting subject: 0026045
INFO:root:Converting subject: 0026050
INFO:root:Converting subject: 0026052
INFO:root:Converting subject: 0026053
INFO:root:Converting subject: 0026054
INFO:root:Converting subject: 0026055
INFO:root:Converting subject: 0026057
INFO:root:Writing NIDM file....
INFO:root:Serializing NIDM graph and creating graph visualization..
