INFO:root:bidsmri2nidm Namespace(bidsignore=False, directory='/datasets.datalad.org/adhd200/RawDataBIDS/Peking_1', json_map='/Volumes/Research/dbkeator/Documents/ReproNim/simple_2/adhd200_vars_to_terms.json', jsonld=False, key='29hUT0BKdmUEgD6KLppEH9qDItY0eQXM', logfile='/Users/dbkeator/Documents/Coding/simple2_NIDM_examples/logs', outputfile='/Users/dbkeator/Documents/Coding/simple2_NIDM_examples/datasets.datalad.org/adhd200/RawDataBIDS/Peking_1/nidm.ttl', png=False)
INFO:root:bidsmri2nidm Namespace(bidsignore=False, directory='/datasets.datalad.org/adhd200/RawDataBIDS/Peking_1', json_map='/Volumes/Research/dbkeator/Documents/ReproNim/simple_2/adhd200_vars_to_terms.json', jsonld=False, key='29hUT0BKdmUEgD6KLppEH9qDItY0eQXM', logfile='/Users/dbkeator/Documents/Coding/simple2_NIDM_examples/logs', outputfile='/Users/dbkeator/Documents/Coding/simple2_NIDM_examples/datasets.datalad.org/adhd200/RawDataBIDS/Peking_1/nidm.ttl', png=False)
INFO:root:bidsmri2nidm Namespace(bidsignore=False, directory='/datasets.datalad.org/adhd200/RawDataBIDS/Peking_1', json_map='/Volumes/Research/dbkeator/Documents/ReproNim/simple_2/adhd200_vars_to_terms.json', jsonld=False, logfile='/Users/dbkeator/Documents/Coding/simple2_NIDM_examples/logs', outputfile='/Users/dbkeator/Documents/Coding/simple2_NIDM_examples/datasets.datalad.org/adhd200/RawDataBIDS/Peking_1/nidm.ttl', png=False)
WARNING:ontquery:You have not set an API key for the SciCrunch API! InterLexRemote will error if you try to use it.
INFO:root:1038415
INFO:root:1201251
INFO:root:1245758
INFO:root:1253411
INFO:root:1419103
INFO:root:1517058
INFO:root:1581470
INFO:root:1784368
INFO:root:1849382
INFO:root:1854691
INFO:root:1883688
INFO:root:1951511
INFO:root:1985430
INFO:root:2024999
INFO:root:2051479
INFO:root:2101067
INFO:root:2275786
INFO:root:2342030
INFO:root:2380326
INFO:root:2380967
INFO:root:2411995
INFO:root:2443191
INFO:root:2488729
INFO:root:2505328
INFO:root:2511886
INFO:root:2528407
INFO:root:2591713
INFO:root:2599965
INFO:root:2628237
INFO:root:2872641
INFO:root:3107623
INFO:root:3124419
INFO:root:3169448
INFO:root:3313497
INFO:root:3320367
INFO:root:3348989
INFO:root:3378296
INFO:root:3407871
INFO:root:3504058
INFO:root:3520880
INFO:root:3559087
INFO:root:3605062
INFO:root:3767334
INFO:root:3834703
INFO:root:4125514
INFO:root:6550938
INFO:root:7591533
INFO:root:7947495
INFO:root:8463326
INFO:root:9190596
INFO:root:9744150
INFO:root:1038415
INFO:root:1201251
INFO:root:1245758
INFO:root:1253411
INFO:root:1419103
INFO:root:1517058
INFO:root:1581470
INFO:root:1784368
INFO:root:1849382
INFO:root:1854691
INFO:root:1883688
INFO:root:1951511
INFO:root:1985430
INFO:root:2024999
INFO:root:2051479
INFO:root:2101067
INFO:root:2275786
INFO:root:2342030
INFO:root:2380326
INFO:root:2380967
INFO:root:2411995
INFO:root:2443191
INFO:root:2488729
INFO:root:2505328
INFO:root:2511886
INFO:root:2528407
INFO:root:2591713
INFO:root:2599965
INFO:root:2628237
INFO:root:bidsmri2nidm Namespace(bidsignore=False, directory='/datasets.datalad.org/adhd200/RawDataBIDS/Peking_1', json_map='/Volumes/Research/dbkeator/Documents/ReproNim/simple_2/adhd200_vars_to_terms.json', jsonld=False, logfile='/Users/dbkeator/Documents/Coding/simple2_NIDM_examples/logs', outputfile='/Users/dbkeator/Documents/Coding/simple2_NIDM_examples/datasets.datalad.org/adhd200/RawDataBIDS/Peking_1/nidm.ttl', png=False)
DEBUG:urllib3.connectionpool:Starting new HTTPS connection (1): scicrunch.org:443
DEBUG:urllib3.connectionpool:https://scicrunch.org:443 "GET /api/1/user/info?key=29hUT0BKdmUEgD6KLppEH9qDItY0eQXM HTTP/1.1" 200 None
DEBUG:urllib3.connectionpool:Starting new HTTPS connection (1): scicrunch.org:443
DEBUG:urllib3.connectionpool:https://scicrunch.org:443 "GET /api/1/user/info?key=29hUT0BKdmUEgD6KLppEH9qDItY0eQXM&api_key=29hUT0BKdmUEgD6KLppEH9qDItY0eQXM HTTP/1.1" 200 None
INFO:root:Error opening /Users/dbkeator/opt/anaconda3/lib/python3.7/site-packages/nidm/terms/imports/crypto_import.ttl import file..continuing
INFO:root:Error opening /Users/dbkeator/opt/anaconda3/lib/python3.7/site-packages/nidm/terms/imports/dc_import.ttl import file..continuing
INFO:root:Error opening /Users/dbkeator/opt/anaconda3/lib/python3.7/site-packages/nidm/terms/imports/iao_import.ttl import file..continuing
INFO:root:Error opening /Users/dbkeator/opt/anaconda3/lib/python3.7/site-packages/nidm/terms/imports/nfo_import.ttl import file..continuing
INFO:root:Error opening /Users/dbkeator/opt/anaconda3/lib/python3.7/site-packages/nidm/terms/imports/nlx_import.ttl import file..continuing
INFO:root:Error opening /Users/dbkeator/opt/anaconda3/lib/python3.7/site-packages/nidm/terms/imports/obi_import.ttl import file..continuing
INFO:root:Error opening /Users/dbkeator/opt/anaconda3/lib/python3.7/site-packages/nidm/terms/imports/ontoneurolog_instruments_import.ttl import file..continuing
INFO:root:Error opening /Users/dbkeator/opt/anaconda3/lib/python3.7/site-packages/nidm/terms/imports/pato_import.ttl import file..continuing
INFO:root:Error opening /Users/dbkeator/opt/anaconda3/lib/python3.7/site-packages/nidm/terms/imports/prv_import.ttl import file..continuing
INFO:root:Error opening /Users/dbkeator/opt/anaconda3/lib/python3.7/site-packages/nidm/terms/imports/qibo_import.ttl import file..continuing
INFO:root:Error opening /Users/dbkeator/opt/anaconda3/lib/python3.7/site-packages/nidm/terms/imports/sio_import.ttl import file..continuing
INFO:root:Error opening /Users/dbkeator/opt/anaconda3/lib/python3.7/site-packages/nidm/terms/imports/stato_import.ttl import file..continuing
INFO:root:1038415
INFO:root:1201251
INFO:root:1245758
INFO:root:1253411
INFO:root:1419103
INFO:root:1517058
INFO:root:1581470
INFO:root:1784368
INFO:root:1849382
INFO:root:1854691
INFO:root:1883688
INFO:root:1951511
INFO:root:1985430
INFO:root:2024999
INFO:root:2051479
INFO:root:2101067
INFO:root:2275786
INFO:root:2342030
INFO:root:2380326
INFO:root:2380967
INFO:root:2411995
INFO:root:2443191
INFO:root:2488729
INFO:root:2505328
INFO:root:2511886
INFO:root:2528407
INFO:root:2591713
INFO:root:2599965
INFO:root:2628237
INFO:root:2872641
INFO:root:3107623
INFO:root:3124419
INFO:root:3169448
INFO:root:3313497
INFO:root:3320367
INFO:root:3348989
INFO:root:3378296
INFO:root:3407871
INFO:root:3504058
INFO:root:3520880
INFO:root:3559087
INFO:root:3605062
INFO:root:3767334
INFO:root:3834703
INFO:root:4125514
INFO:root:6550938
INFO:root:7591533
INFO:root:7947495
INFO:root:8463326
INFO:root:9190596
INFO:root:9744150
INFO:root:1038415
INFO:root:1201251
INFO:root:1245758
INFO:root:1253411
INFO:root:1419103
INFO:root:1517058
INFO:root:1581470
INFO:root:1784368
INFO:root:1849382
INFO:root:1854691
INFO:root:1883688
INFO:root:1951511
INFO:root:1985430
INFO:root:2024999
INFO:root:2051479
INFO:root:2101067
INFO:root:2275786
INFO:root:2342030
INFO:root:2380326
INFO:root:2380967
INFO:root:2411995
INFO:root:2443191
INFO:root:2488729
INFO:root:2505328
INFO:root:2511886
INFO:root:2528407
INFO:root:2591713
INFO:root:2599965
INFO:root:2628237
INFO:root:bidsmri2nidm Namespace(bidsignore=False, directory='/datasets.datalad.org/adhd200/RawDataBIDS/Peking_1', json_map='/Volumes/Research/dbkeator/Documents/ReproNim/simple_2/adhd200_vars_to_terms.json', jsonld=False, logfile='/Users/dbkeator/Documents/Coding/simple2_NIDM_examples/logs', outputfile='/Users/dbkeator/Documents/Coding/simple2_NIDM_examples/datasets.datalad.org/adhd200/RawDataBIDS/Peking_1/nidm.ttl', png=False)
DEBUG:urllib3.connectionpool:Starting new HTTPS connection (1): scicrunch.org:443
DEBUG:urllib3.connectionpool:https://scicrunch.org:443 "GET /api/1/user/info?key=29hUT0BKdmUEgD6KLppEH9qDItY0eQXM HTTP/1.1" 200 None
DEBUG:urllib3.connectionpool:Starting new HTTPS connection (1): scicrunch.org:443
DEBUG:urllib3.connectionpool:https://scicrunch.org:443 "GET /api/1/user/info?key=29hUT0BKdmUEgD6KLppEH9qDItY0eQXM&api_key=29hUT0BKdmUEgD6KLppEH9qDItY0eQXM HTTP/1.1" 200 None
INFO:root:1038415
INFO:root:1201251
INFO:root:1245758
INFO:root:1253411
INFO:root:1419103
INFO:root:1517058
INFO:root:1581470
INFO:root:1784368
INFO:root:1849382
INFO:root:1854691
INFO:root:1883688
INFO:root:1951511
INFO:root:1985430
INFO:root:2024999
INFO:root:2051479
INFO:root:2101067
INFO:root:2275786
INFO:root:2342030
INFO:root:2380326
INFO:root:2380967
INFO:root:2411995
INFO:root:2443191
INFO:root:2488729
INFO:root:2505328
INFO:root:2511886
INFO:root:2528407
INFO:root:2591713
INFO:root:2599965
INFO:root:2628237
INFO:root:2872641
INFO:root:3107623
INFO:root:3124419
INFO:root:3169448
INFO:root:3313497
INFO:root:3320367
INFO:root:3348989
INFO:root:3378296
INFO:root:3407871
INFO:root:3504058
INFO:root:3520880
INFO:root:3559087
INFO:root:3605062
INFO:root:3767334
INFO:root:3834703
INFO:root:4125514
INFO:root:6550938
INFO:root:7591533
INFO:root:7947495
INFO:root:8463326
INFO:root:9190596
INFO:root:9744150
INFO:root:1038415
INFO:root:1201251
INFO:root:1245758
INFO:root:1253411
INFO:root:1419103
INFO:root:1517058
INFO:root:1581470
INFO:root:1784368
INFO:root:1849382
INFO:root:1854691
INFO:root:1883688
INFO:root:1951511
INFO:root:1985430
INFO:root:2024999
INFO:root:2051479
INFO:root:2101067
INFO:root:2275786
INFO:root:2342030
INFO:root:2380326
INFO:root:2380967
INFO:root:2411995
INFO:root:2443191
INFO:root:2488729
INFO:root:2505328
INFO:root:2511886
INFO:root:2528407
INFO:root:2591713
INFO:root:2599965
INFO:root:2628237
