INFO:root:bidsmri2nidm Namespace(bidsignore=False, directory='/datasets.datalad.org/adhd200/RawDataBIDS/Pittsburgh', json_map='/Volumes/Research/dbkeator/Documents/ReproNim/simple_2/adhd200_vars_to_terms.json', jsonld=False, key='29hUT0BKdmUEgD6KLppEH9qDItY0eQXM', logfile='/Users/dbkeator/Documents/Coding/simple2_NIDM_examples/logs', outputfile='/Users/dbkeator/Documents/Coding/simple2_NIDM_examples/datasets.datalad.org/adhd200/RawDataBIDS/Pittsburgh/nidm.ttl', png=False)
INFO:root:bidsmri2nidm Namespace(bidsignore=False, directory='/datasets.datalad.org/adhd200/RawDataBIDS/Pittsburgh', json_map='/Volumes/Research/dbkeator/Documents/ReproNim/simple_2/adhd200_vars_to_terms.json', jsonld=False, key='29hUT0BKdmUEgD6KLppEH9qDItY0eQXM', logfile='/Users/dbkeator/Documents/Coding/simple2_NIDM_examples/logs', outputfile='/Users/dbkeator/Documents/Coding/simple2_NIDM_examples/datasets.datalad.org/adhd200/RawDataBIDS/Pittsburgh/nidm.ttl', png=False)
INFO:root:bidsmri2nidm Namespace(bidsignore=False, directory='/datasets.datalad.org/adhd200/RawDataBIDS/Pittsburgh', json_map='/Volumes/Research/dbkeator/Documents/ReproNim/simple_2/adhd200_vars_to_terms.json', jsonld=False, key='29hUT0BKdmUEgD6KLppEH9qDItY0eQXM', logfile='/Users/dbkeator/Documents/Coding/simple2_NIDM_examples/logs', outputfile='/Users/dbkeator/Documents/Coding/simple2_NIDM_examples/datasets.datalad.org/adhd200/RawDataBIDS/Pittsburgh/nidm.ttl', png=False)
INFO:root:bidsmri2nidm Namespace(bidsignore=False, directory='/datasets.datalad.org/adhd200/RawDataBIDS/Pittsburgh', json_map='/Volumes/Research/dbkeator/Documents/ReproNim/simple_2/adhd200_vars_to_terms.json', jsonld=False, logfile='/Users/dbkeator/Documents/Coding/simple2_NIDM_examples/logs', outputfile='/Users/dbkeator/Documents/Coding/simple2_NIDM_examples/datasets.datalad.org/adhd200/RawDataBIDS/Pittsburgh/nidm.ttl', png=False)
INFO:root:bidsmri2nidm Namespace(bidsignore=False, directory='/datasets.datalad.org/adhd200/RawDataBIDS/Pittsburgh', json_map='/Volumes/Research/dbkeator/Documents/ReproNim/simple_2/adhd200_vars_to_terms.json', jsonld=False, logfile='/Users/dbkeator/Documents/Coding/simple2_NIDM_examples/logs', outputfile='/Users/dbkeator/Documents/Coding/simple2_NIDM_examples/datasets.datalad.org/adhd200/RawDataBIDS/Pittsburgh/nidm.ttl', png=False)
WARNING:ontquery:You have not set an API key for the SciCrunch API! InterLexRemote will error if you try to use it.
INFO:root:25000
INFO:root:25001
INFO:root:25002
INFO:root:25003
INFO:root:25008
INFO:root:25009
INFO:root:25012
INFO:root:25013
INFO:root:25014
INFO:root:25000
INFO:root:25001
INFO:root:25002
INFO:root:25003
INFO:root:25008
INFO:root:25009
INFO:root:25012
INFO:root:25013
INFO:root:25014
INFO:root:16058
INFO:root:16046
INFO:root:16060
INFO:root:16048
INFO:root:16029
INFO:root:16089
INFO:root:16004
INFO:root:16078
INFO:root:16073
INFO:root:16086
INFO:root:16072
INFO:root:16088
INFO:root:16012
INFO:root:16075
INFO:root:16041
INFO:root:16080
INFO:root:16087
INFO:root:16024
INFO:root:16043
INFO:root:16006
INFO:root:16084
INFO:root:16082
INFO:root:16034
INFO:root:16016
INFO:root:16005
INFO:root:16001
INFO:root:16017
INFO:root:16026
INFO:root:16037
INFO:root:16053
INFO:root:16050
INFO:root:16039
INFO:root:16013
INFO:root:16067
INFO:root:16031
INFO:root:16036
INFO:root:16022
INFO:root:16044
INFO:root:16063
INFO:root:16038
INFO:root:16070
INFO:root:16061
INFO:root:16042
INFO:root:16055
INFO:root:16049
INFO:root:16059
INFO:root:16045
INFO:root:16010
INFO:root:16047
INFO:root:16076
INFO:root:16069
INFO:root:16066
INFO:root:16062
INFO:root:16077
INFO:root:16052
INFO:root:16064
INFO:root:16027
INFO:root:16009
INFO:root:16056
INFO:root:16068
INFO:root:16018
INFO:root:16074
INFO:root:16085
INFO:root:16071
INFO:root:16008
INFO:root:16025
INFO:root:16033
INFO:root:16028
INFO:root:16007
INFO:root:16030
INFO:root:16021
INFO:root:16083
INFO:root:16020
INFO:root:16014
INFO:root:16079
INFO:root:16051
INFO:root:16040
INFO:root:16019
INFO:root:16065
INFO:root:16081
INFO:root:16032
INFO:root:16003
INFO:root:16011
INFO:root:16057
INFO:root:16015
INFO:root:16035
INFO:root:16023
INFO:root:16054
INFO:root:16002
INFO:root:Converting subject: 0016001
INFO:root:Converting subject: 0016002
INFO:root:Converting subject: 0016003
INFO:root:Converting subject: 0016004
INFO:root:Converting subject: 0016005
INFO:root:Converting subject: 0016006
INFO:root:Converting subject: 0016007
INFO:root:Converting subject: 0016008
INFO:root:Converting subject: 0016009
INFO:root:Converting subject: 0016010
INFO:root:Converting subject: 0016011
INFO:root:Converting subject: 0016012
INFO:root:Converting subject: 0016013
INFO:root:Converting subject: 0016014
INFO:root:Converting subject: 0016015
INFO:root:Converting subject: 0016016
INFO:root:Converting subject: 0016017
INFO:root:Converting subject: 0016018
INFO:root:Converting subject: 0016019
INFO:root:Converting subject: 0016020
INFO:root:Converting subject: 0016021
INFO:root:Converting subject: 0016022
INFO:root:Converting subject: 0016023
INFO:root:Converting subject: 0016024
INFO:root:Converting subject: 0016025
INFO:root:Converting subject: 0016026
INFO:root:Converting subject: 0016027
INFO:root:Converting subject: 0016028
INFO:root:Converting subject: 0016029
INFO:root:Converting subject: 0016030
INFO:root:Converting subject: 0016031
INFO:root:Converting subject: 0016032
INFO:root:Converting subject: 0016033
INFO:root:Converting subject: 0016034
INFO:root:Converting subject: 0016035
INFO:root:Converting subject: 0016036
INFO:root:Converting subject: 0016037
INFO:root:Converting subject: 0016038
INFO:root:Converting subject: 0016039
INFO:root:Converting subject: 0016040
INFO:root:Converting subject: 0016041
INFO:root:Converting subject: 0016042
INFO:root:Converting subject: 0016043
INFO:root:Converting subject: 0016044
INFO:root:Converting subject: 0016045
INFO:root:Converting subject: 0016046
INFO:root:Converting subject: 0016047
INFO:root:Converting subject: 0016048
INFO:root:Converting subject: 0016049
INFO:root:Converting subject: 0016050
INFO:root:Converting subject: 0016051
INFO:root:Converting subject: 0016052
INFO:root:Converting subject: 0016053
INFO:root:Converting subject: 0016054
INFO:root:Converting subject: 0016055
INFO:root:Converting subject: 0016056
INFO:root:Converting subject: 0016057
INFO:root:Converting subject: 0016058
INFO:root:Converting subject: 0016059
INFO:root:Converting subject: 0016060
INFO:root:Converting subject: 0016061
INFO:root:Converting subject: 0016062
INFO:root:Converting subject: 0016063
INFO:root:Converting subject: 0016064
INFO:root:Converting subject: 0016065
INFO:root:Converting subject: 0016066
INFO:root:Converting subject: 0016067
INFO:root:Converting subject: 0016068
INFO:root:Converting subject: 0016069
INFO:root:Converting subject: 0016070
INFO:root:Converting subject: 0016071
INFO:root:Converting subject: 0016072
INFO:root:Converting subject: 0016073
INFO:root:Converting subject: 0016074
INFO:root:Converting subject: 0016075
INFO:root:Converting subject: 0016076
INFO:root:Converting subject: 0016077
INFO:root:Converting subject: 0016078
INFO:root:Converting subject: 0016079
INFO:root:Converting subject: 0016080
INFO:root:Converting subject: 0016081
INFO:root:Converting subject: 0016082
INFO:root:Converting subject: 0016083
INFO:root:Converting subject: 0016084
INFO:root:Converting subject: 0016085
INFO:root:Converting subject: 0016086
INFO:root:Converting subject: 0016087
INFO:root:Converting subject: 0016088
INFO:root:Converting subject: 0016089
INFO:root:Converting subject: 0025000
INFO:root:Converting subject: 0025001
INFO:root:Converting subject: 0025002
INFO:root:Converting subject: 0025003
INFO:root:Converting subject: 0025008
INFO:root:Converting subject: 0025009
INFO:root:Converting subject: 0025012
INFO:root:Converting subject: 0025013
INFO:root:Converting subject: 0025014
INFO:root:Writing NIDM file....
INFO:root:Serializing NIDM graph and creating graph visualization..
INFO:root:bidsmri2nidm Namespace(bidsignore=False, directory='/datasets.datalad.org/adhd200/RawDataBIDS/Pittsburgh', json_map='/Volumes/Research/dbkeator/Documents/ReproNim/simple_2/adhd200_vars_to_terms.json', jsonld=False, logfile='/Users/dbkeator/Documents/Coding/simple2_NIDM_examples/logs', outputfile='/Users/dbkeator/Documents/Coding/simple2_NIDM_examples/datasets.datalad.org/adhd200/RawDataBIDS/Pittsburgh/nidm.ttl', png=False)
DEBUG:urllib3.connectionpool:Starting new HTTPS connection (1): scicrunch.org:443
DEBUG:urllib3.connectionpool:https://scicrunch.org:443 "GET /api/1/user/info?key=29hUT0BKdmUEgD6KLppEH9qDItY0eQXM HTTP/1.1" 200 None
DEBUG:urllib3.connectionpool:Starting new HTTPS connection (1): scicrunch.org:443
DEBUG:urllib3.connectionpool:https://scicrunch.org:443 "GET /api/1/user/info?key=29hUT0BKdmUEgD6KLppEH9qDItY0eQXM&api_key=29hUT0BKdmUEgD6KLppEH9qDItY0eQXM HTTP/1.1" 200 None
INFO:root:Error opening /Users/dbkeator/opt/anaconda3/lib/python3.7/site-packages/nidm/terms/imports/crypto_import.ttl import file..continuing
INFO:root:Error opening /Users/dbkeator/opt/anaconda3/lib/python3.7/site-packages/nidm/terms/imports/dc_import.ttl import file..continuing
INFO:root:Error opening /Users/dbkeator/opt/anaconda3/lib/python3.7/site-packages/nidm/terms/imports/iao_import.ttl import file..continuing
INFO:root:Error opening /Users/dbkeator/opt/anaconda3/lib/python3.7/site-packages/nidm/terms/imports/nfo_import.ttl import file..continuing
INFO:root:Error opening /Users/dbkeator/opt/anaconda3/lib/python3.7/site-packages/nidm/terms/imports/nlx_import.ttl import file..continuing
INFO:root:Error opening /Users/dbkeator/opt/anaconda3/lib/python3.7/site-packages/nidm/terms/imports/obi_import.ttl import file..continuing
INFO:root:Error opening /Users/dbkeator/opt/anaconda3/lib/python3.7/site-packages/nidm/terms/imports/ontoneurolog_instruments_import.ttl import file..continuing
INFO:root:Error opening /Users/dbkeator/opt/anaconda3/lib/python3.7/site-packages/nidm/terms/imports/pato_import.ttl import file..continuing
INFO:root:Error opening /Users/dbkeator/opt/anaconda3/lib/python3.7/site-packages/nidm/terms/imports/prv_import.ttl import file..continuing
INFO:root:Error opening /Users/dbkeator/opt/anaconda3/lib/python3.7/site-packages/nidm/terms/imports/qibo_import.ttl import file..continuing
INFO:root:Error opening /Users/dbkeator/opt/anaconda3/lib/python3.7/site-packages/nidm/terms/imports/sio_import.ttl import file..continuing
INFO:root:Error opening /Users/dbkeator/opt/anaconda3/lib/python3.7/site-packages/nidm/terms/imports/stato_import.ttl import file..continuing
INFO:root:25000
INFO:root:25001
INFO:root:25002
INFO:root:25003
INFO:root:25008
INFO:root:25009
INFO:root:25012
INFO:root:25013
INFO:root:25014
INFO:root:25000
INFO:root:25001
INFO:root:25002
INFO:root:25003
INFO:root:25008
INFO:root:25009
INFO:root:25012
INFO:root:25013
INFO:root:25014
INFO:root:16058
INFO:root:16046
INFO:root:16060
INFO:root:16048
INFO:root:16029
INFO:root:16089
INFO:root:16004
INFO:root:16078
INFO:root:16073
INFO:root:16086
INFO:root:16072
INFO:root:16088
INFO:root:16012
INFO:root:16075
INFO:root:16041
INFO:root:16080
INFO:root:16087
INFO:root:16024
INFO:root:16043
INFO:root:16006
INFO:root:16084
INFO:root:16082
INFO:root:16034
INFO:root:16016
INFO:root:16005
INFO:root:16001
INFO:root:16017
INFO:root:16026
INFO:root:16037
INFO:root:16053
INFO:root:16050
INFO:root:16039
INFO:root:16013
INFO:root:16067
INFO:root:16031
INFO:root:16036
INFO:root:16022
INFO:root:16044
INFO:root:16063
INFO:root:16038
INFO:root:16070
INFO:root:16061
INFO:root:16042
INFO:root:16055
INFO:root:16049
INFO:root:16059
INFO:root:16045
INFO:root:16010
INFO:root:16047
INFO:root:16076
INFO:root:16069
INFO:root:16066
INFO:root:16062
INFO:root:16077
INFO:root:16052
INFO:root:16064
INFO:root:16027
INFO:root:16009
INFO:root:16056
INFO:root:16068
INFO:root:16018
INFO:root:16074
INFO:root:16085
INFO:root:16071
INFO:root:16008
INFO:root:16025
INFO:root:16033
INFO:root:16028
INFO:root:16007
INFO:root:16030
INFO:root:16021
INFO:root:16083
INFO:root:16020
INFO:root:16014
INFO:root:16079
INFO:root:16051
INFO:root:16040
INFO:root:16019
INFO:root:16065
INFO:root:16081
INFO:root:16032
INFO:root:16003
INFO:root:16011
INFO:root:16057
INFO:root:16015
INFO:root:16035
INFO:root:16023
INFO:root:16054
INFO:root:16002
INFO:root:Converting subject: 0016001
INFO:root:Converting subject: 0016002
INFO:root:Converting subject: 0016003
INFO:root:Converting subject: 0016004
INFO:root:Converting subject: 0016005
INFO:root:Converting subject: 0016006
INFO:root:Converting subject: 0016007
INFO:root:Converting subject: 0016008
INFO:root:Converting subject: 0016009
INFO:root:Converting subject: 0016010
INFO:root:Converting subject: 0016011
INFO:root:Converting subject: 0016012
INFO:root:Converting subject: 0016013
INFO:root:Converting subject: 0016014
INFO:root:Converting subject: 0016015
INFO:root:Converting subject: 0016016
INFO:root:Converting subject: 0016017
INFO:root:Converting subject: 0016018
INFO:root:Converting subject: 0016019
INFO:root:Converting subject: 0016020
INFO:root:Converting subject: 0016021
INFO:root:Converting subject: 0016022
INFO:root:Converting subject: 0016023
INFO:root:Converting subject: 0016024
INFO:root:Converting subject: 0016025
INFO:root:Converting subject: 0016026
INFO:root:Converting subject: 0016027
INFO:root:Converting subject: 0016028
INFO:root:Converting subject: 0016029
INFO:root:Converting subject: 0016030
INFO:root:Converting subject: 0016031
INFO:root:Converting subject: 0016032
INFO:root:Converting subject: 0016033
INFO:root:Converting subject: 0016034
INFO:root:Converting subject: 0016035
INFO:root:Converting subject: 0016036
INFO:root:Converting subject: 0016037
INFO:root:Converting subject: 0016038
INFO:root:Converting subject: 0016039
INFO:root:Converting subject: 0016040
INFO:root:Converting subject: 0016041
INFO:root:Converting subject: 0016042
INFO:root:Converting subject: 0016043
INFO:root:Converting subject: 0016044
INFO:root:Converting subject: 0016045
INFO:root:Converting subject: 0016046
INFO:root:Converting subject: 0016047
INFO:root:Converting subject: 0016048
INFO:root:Converting subject: 0016049
INFO:root:Converting subject: 0016050
INFO:root:Converting subject: 0016051
INFO:root:Converting subject: 0016052
INFO:root:Converting subject: 0016053
INFO:root:Converting subject: 0016054
INFO:root:Converting subject: 0016055
INFO:root:Converting subject: 0016056
INFO:root:Converting subject: 0016057
INFO:root:Converting subject: 0016058
INFO:root:Converting subject: 0016059
INFO:root:Converting subject: 0016060
INFO:root:Converting subject: 0016061
INFO:root:Converting subject: 0016062
INFO:root:Converting subject: 0016063
INFO:root:Converting subject: 0016064
INFO:root:Converting subject: 0016065
INFO:root:Converting subject: 0016066
INFO:root:Converting subject: 0016067
INFO:root:Converting subject: 0016068
INFO:root:Converting subject: 0016069
INFO:root:Converting subject: 0016070
INFO:root:Converting subject: 0016071
INFO:root:Converting subject: 0016072
INFO:root:Converting subject: 0016073
INFO:root:Converting subject: 0016074
INFO:root:Converting subject: 0016075
INFO:root:Converting subject: 0016076
INFO:root:Converting subject: 0016077
INFO:root:Converting subject: 0016078
INFO:root:Converting subject: 0016079
INFO:root:Converting subject: 0016080
INFO:root:Converting subject: 0016081
INFO:root:Converting subject: 0016082
INFO:root:Converting subject: 0016083
INFO:root:Converting subject: 0016084
INFO:root:Converting subject: 0016085
INFO:root:Converting subject: 0016086
INFO:root:Converting subject: 0016087
INFO:root:Converting subject: 0016088
INFO:root:Converting subject: 0016089
INFO:root:Converting subject: 0025000
INFO:root:Converting subject: 0025001
INFO:root:Converting subject: 0025002
INFO:root:Converting subject: 0025003
INFO:root:Converting subject: 0025008
INFO:root:Converting subject: 0025009
INFO:root:Converting subject: 0025012
INFO:root:Converting subject: 0025013
INFO:root:Converting subject: 0025014
INFO:root:Writing NIDM file....
INFO:root:Serializing NIDM graph and creating graph visualization..
INFO:root:bidsmri2nidm Namespace(bidsignore=False, directory='/datasets.datalad.org/adhd200/RawDataBIDS/Pittsburgh', json_map='/Volumes/Research/dbkeator/Documents/ReproNim/simple_2/adhd200_vars_to_terms.json', jsonld=False, logfile='/Users/dbkeator/Documents/Coding/simple2_NIDM_examples/logs', outputfile='/Users/dbkeator/Documents/Coding/simple2_NIDM_examples/datasets.datalad.org/adhd200/RawDataBIDS/Pittsburgh/nidm.ttl', png=False)
DEBUG:urllib3.connectionpool:Starting new HTTPS connection (1): scicrunch.org:443
DEBUG:urllib3.connectionpool:https://scicrunch.org:443 "GET /api/1/user/info?key=29hUT0BKdmUEgD6KLppEH9qDItY0eQXM HTTP/1.1" 200 None
DEBUG:urllib3.connectionpool:Starting new HTTPS connection (1): scicrunch.org:443
DEBUG:urllib3.connectionpool:https://scicrunch.org:443 "GET /api/1/user/info?key=29hUT0BKdmUEgD6KLppEH9qDItY0eQXM&api_key=29hUT0BKdmUEgD6KLppEH9qDItY0eQXM HTTP/1.1" 200 None
INFO:root:Error opening /Users/dbkeator/opt/anaconda3/lib/python3.7/site-packages/nidm/terms/imports/crypto_import.ttl import file..continuing
INFO:root:Error opening /Users/dbkeator/opt/anaconda3/lib/python3.7/site-packages/nidm/terms/imports/dc_import.ttl import file..continuing
INFO:root:Error opening /Users/dbkeator/opt/anaconda3/lib/python3.7/site-packages/nidm/terms/imports/iao_import.ttl import file..continuing
INFO:root:Error opening /Users/dbkeator/opt/anaconda3/lib/python3.7/site-packages/nidm/terms/imports/nfo_import.ttl import file..continuing
INFO:root:Error opening /Users/dbkeator/opt/anaconda3/lib/python3.7/site-packages/nidm/terms/imports/nlx_import.ttl import file..continuing
INFO:root:Error opening /Users/dbkeator/opt/anaconda3/lib/python3.7/site-packages/nidm/terms/imports/obi_import.ttl import file..continuing
INFO:root:Error opening /Users/dbkeator/opt/anaconda3/lib/python3.7/site-packages/nidm/terms/imports/ontoneurolog_instruments_import.ttl import file..continuing
INFO:root:Error opening /Users/dbkeator/opt/anaconda3/lib/python3.7/site-packages/nidm/terms/imports/pato_import.ttl import file..continuing
INFO:root:Error opening /Users/dbkeator/opt/anaconda3/lib/python3.7/site-packages/nidm/terms/imports/prv_import.ttl import file..continuing
INFO:root:Error opening /Users/dbkeator/opt/anaconda3/lib/python3.7/site-packages/nidm/terms/imports/qibo_import.ttl import file..continuing
INFO:root:Error opening /Users/dbkeator/opt/anaconda3/lib/python3.7/site-packages/nidm/terms/imports/sio_import.ttl import file..continuing
INFO:root:Error opening /Users/dbkeator/opt/anaconda3/lib/python3.7/site-packages/nidm/terms/imports/stato_import.ttl import file..continuing
INFO:root:25000
INFO:root:25001
INFO:root:25002
INFO:root:25003
INFO:root:25008
INFO:root:25009
INFO:root:25012
INFO:root:25013
INFO:root:25014
INFO:root:25000
INFO:root:25001
INFO:root:25002
INFO:root:25003
INFO:root:25008
INFO:root:25009
INFO:root:25012
INFO:root:25013
INFO:root:25014
INFO:root:16058
INFO:root:16046
INFO:root:16060
INFO:root:16048
INFO:root:16029
INFO:root:16089
INFO:root:16004
INFO:root:16078
INFO:root:16073
INFO:root:16086
INFO:root:16072
INFO:root:16088
INFO:root:16012
INFO:root:16075
INFO:root:16041
INFO:root:16080
INFO:root:16087
INFO:root:16024
INFO:root:16043
INFO:root:16006
INFO:root:16084
INFO:root:16082
INFO:root:16034
INFO:root:16016
INFO:root:16005
INFO:root:16001
INFO:root:16017
INFO:root:16026
INFO:root:16037
INFO:root:16053
INFO:root:16050
INFO:root:16039
INFO:root:16013
INFO:root:16067
INFO:root:16031
INFO:root:16036
INFO:root:16022
INFO:root:16044
INFO:root:16063
INFO:root:16038
INFO:root:16070
INFO:root:16061
INFO:root:16042
INFO:root:16055
INFO:root:16049
INFO:root:16059
INFO:root:16045
INFO:root:16010
INFO:root:16047
INFO:root:16076
INFO:root:16069
INFO:root:16066
INFO:root:16062
INFO:root:16077
INFO:root:16052
INFO:root:16064
INFO:root:16027
INFO:root:16009
INFO:root:16056
INFO:root:16068
INFO:root:16018
INFO:root:16074
INFO:root:16085
INFO:root:16071
INFO:root:16008
INFO:root:16025
INFO:root:16033
INFO:root:16028
INFO:root:16007
INFO:root:16030
INFO:root:16021
INFO:root:16083
INFO:root:16020
INFO:root:16014
INFO:root:16079
INFO:root:16051
INFO:root:16040
INFO:root:16019
INFO:root:16065
INFO:root:16081
INFO:root:16032
INFO:root:16003
INFO:root:16011
INFO:root:16057
INFO:root:16015
INFO:root:16035
INFO:root:16023
INFO:root:16054
INFO:root:16002
INFO:root:Converting subject: 0016001
INFO:root:Converting subject: 0016002
INFO:root:Converting subject: 0016003
INFO:root:Converting subject: 0016004
INFO:root:Converting subject: 0016005
INFO:root:Converting subject: 0016006
INFO:root:Converting subject: 0016007
INFO:root:Converting subject: 0016008
INFO:root:Converting subject: 0016009
INFO:root:Converting subject: 0016010
INFO:root:Converting subject: 0016011
INFO:root:Converting subject: 0016012
INFO:root:Converting subject: 0016013
INFO:root:Converting subject: 0016014
INFO:root:Converting subject: 0016015
INFO:root:Converting subject: 0016016
INFO:root:Converting subject: 0016017
INFO:root:Converting subject: 0016018
INFO:root:Converting subject: 0016019
INFO:root:Converting subject: 0016020
INFO:root:Converting subject: 0016021
INFO:root:Converting subject: 0016022
INFO:root:Converting subject: 0016023
INFO:root:Converting subject: 0016024
INFO:root:Converting subject: 0016025
INFO:root:Converting subject: 0016026
INFO:root:Converting subject: 0016027
INFO:root:Converting subject: 0016028
INFO:root:Converting subject: 0016029
INFO:root:Converting subject: 0016030
INFO:root:Converting subject: 0016031
INFO:root:Converting subject: 0016032
INFO:root:Converting subject: 0016033
INFO:root:Converting subject: 0016034
INFO:root:Converting subject: 0016035
INFO:root:Converting subject: 0016036
INFO:root:Converting subject: 0016037
INFO:root:Converting subject: 0016038
INFO:root:Converting subject: 0016039
INFO:root:Converting subject: 0016040
INFO:root:Converting subject: 0016041
INFO:root:Converting subject: 0016042
INFO:root:Converting subject: 0016043
INFO:root:Converting subject: 0016044
INFO:root:Converting subject: 0016045
INFO:root:Converting subject: 0016046
INFO:root:Converting subject: 0016047
INFO:root:Converting subject: 0016048
INFO:root:Converting subject: 0016049
INFO:root:Converting subject: 0016050
INFO:root:Converting subject: 0016051
INFO:root:Converting subject: 0016052
INFO:root:Converting subject: 0016053
INFO:root:Converting subject: 0016054
INFO:root:Converting subject: 0016055
INFO:root:Converting subject: 0016056
INFO:root:Converting subject: 0016057
INFO:root:Converting subject: 0016058
INFO:root:Converting subject: 0016059
INFO:root:Converting subject: 0016060
INFO:root:Converting subject: 0016061
INFO:root:Converting subject: 0016062
INFO:root:Converting subject: 0016063
INFO:root:Converting subject: 0016064
INFO:root:Converting subject: 0016065
INFO:root:Converting subject: 0016066
INFO:root:Converting subject: 0016067
INFO:root:Converting subject: 0016068
INFO:root:Converting subject: 0016069
INFO:root:Converting subject: 0016070
INFO:root:Converting subject: 0016071
INFO:root:Converting subject: 0016072
INFO:root:Converting subject: 0016073
INFO:root:Converting subject: 0016074
INFO:root:Converting subject: 0016075
INFO:root:Converting subject: 0016076
INFO:root:Converting subject: 0016077
INFO:root:Converting subject: 0016078
INFO:root:Converting subject: 0016079
INFO:root:Converting subject: 0016080
INFO:root:Converting subject: 0016081
INFO:root:Converting subject: 0016082
INFO:root:Converting subject: 0016083
INFO:root:Converting subject: 0016084
INFO:root:Converting subject: 0016085
INFO:root:Converting subject: 0016086
INFO:root:Converting subject: 0016087
INFO:root:Converting subject: 0016088
INFO:root:Converting subject: 0016089
INFO:root:Converting subject: 0025000
INFO:root:Converting subject: 0025001
INFO:root:Converting subject: 0025002
INFO:root:Converting subject: 0025003
INFO:root:Converting subject: 0025008
INFO:root:Converting subject: 0025009
INFO:root:Converting subject: 0025012
INFO:root:Converting subject: 0025013
INFO:root:Converting subject: 0025014
INFO:root:Writing NIDM file....
INFO:root:Serializing NIDM graph and creating graph visualization..
INFO:root:bidsmri2nidm Namespace(bidsignore=False, directory='/datasets.datalad.org/adhd200/RawDataBIDS/Pittsburgh', json_map='/Volumes/Research/dbkeator/Documents/ReproNim/simple_2/adhd200_vars_to_terms.json', jsonld=False, logfile='/Users/dbkeator/Documents/Coding/simple2_NIDM_examples/logs', outputfile='/Users/dbkeator/Documents/Coding/simple2_NIDM_examples/datasets.datalad.org/adhd200/RawDataBIDS/Pittsburgh/nidm.ttl', png=False)
DEBUG:urllib3.connectionpool:Starting new HTTPS connection (1): scicrunch.org:443
DEBUG:urllib3.connectionpool:https://scicrunch.org:443 "GET /api/1/user/info?key=29hUT0BKdmUEgD6KLppEH9qDItY0eQXM HTTP/1.1" 200 None
DEBUG:urllib3.connectionpool:Starting new HTTPS connection (1): scicrunch.org:443
DEBUG:urllib3.connectionpool:https://scicrunch.org:443 "GET /api/1/user/info?key=29hUT0BKdmUEgD6KLppEH9qDItY0eQXM&api_key=29hUT0BKdmUEgD6KLppEH9qDItY0eQXM HTTP/1.1" 200 None
INFO:root:25000
INFO:root:25001
INFO:root:25002
INFO:root:25003
INFO:root:25008
INFO:root:25009
INFO:root:25012
INFO:root:25013
INFO:root:25014
INFO:root:25000
INFO:root:25001
INFO:root:25002
INFO:root:25003
INFO:root:25008
INFO:root:25009
INFO:root:25012
INFO:root:25013
INFO:root:25014
INFO:root:16058
INFO:root:16046
INFO:root:16060
INFO:root:16048
INFO:root:16029
INFO:root:16089
INFO:root:16004
INFO:root:16078
INFO:root:16073
INFO:root:16086
INFO:root:16072
INFO:root:16088
INFO:root:16012
INFO:root:16075
INFO:root:16041
INFO:root:16080
INFO:root:16087
INFO:root:16024
INFO:root:16043
INFO:root:16006
INFO:root:16084
INFO:root:16082
INFO:root:16034
INFO:root:16016
INFO:root:16005
INFO:root:16001
INFO:root:16017
INFO:root:16026
INFO:root:16037
INFO:root:16053
INFO:root:16050
INFO:root:16039
INFO:root:16013
INFO:root:16067
INFO:root:16031
INFO:root:16036
INFO:root:16022
INFO:root:16044
INFO:root:16063
INFO:root:16038
INFO:root:16070
INFO:root:16061
INFO:root:16042
INFO:root:16055
INFO:root:16049
INFO:root:16059
INFO:root:16045
INFO:root:16010
INFO:root:16047
INFO:root:16076
INFO:root:16069
INFO:root:16066
INFO:root:16062
INFO:root:16077
INFO:root:16052
INFO:root:16064
INFO:root:16027
INFO:root:16009
INFO:root:16056
INFO:root:16068
INFO:root:16018
INFO:root:16074
INFO:root:16085
INFO:root:16071
INFO:root:16008
INFO:root:16025
INFO:root:16033
INFO:root:16028
INFO:root:16007
INFO:root:16030
INFO:root:16021
INFO:root:16083
INFO:root:16020
INFO:root:16014
INFO:root:16079
INFO:root:16051
INFO:root:16040
INFO:root:16019
INFO:root:16065
INFO:root:16081
INFO:root:16032
INFO:root:16003
INFO:root:16011
INFO:root:16057
INFO:root:16015
INFO:root:16035
INFO:root:16023
INFO:root:16054
INFO:root:16002
INFO:root:Converting subject: 0016001
INFO:root:Converting subject: 0016002
INFO:root:Converting subject: 0016003
INFO:root:Converting subject: 0016004
INFO:root:Converting subject: 0016005
INFO:root:Converting subject: 0016006
INFO:root:Converting subject: 0016007
INFO:root:Converting subject: 0016008
INFO:root:Converting subject: 0016009
INFO:root:Converting subject: 0016010
INFO:root:Converting subject: 0016011
INFO:root:Converting subject: 0016012
INFO:root:Converting subject: 0016013
INFO:root:Converting subject: 0016014
INFO:root:Converting subject: 0016015
INFO:root:Converting subject: 0016016
INFO:root:Converting subject: 0016017
INFO:root:Converting subject: 0016018
INFO:root:Converting subject: 0016019
INFO:root:Converting subject: 0016020
INFO:root:Converting subject: 0016021
INFO:root:Converting subject: 0016022
INFO:root:Converting subject: 0016023
INFO:root:Converting subject: 0016024
INFO:root:Converting subject: 0016025
INFO:root:Converting subject: 0016026
INFO:root:Converting subject: 0016027
INFO:root:Converting subject: 0016028
INFO:root:Converting subject: 0016029
INFO:root:Converting subject: 0016030
INFO:root:Converting subject: 0016031
INFO:root:Converting subject: 0016032
INFO:root:Converting subject: 0016033
INFO:root:Converting subject: 0016034
INFO:root:Converting subject: 0016035
INFO:root:Converting subject: 0016036
INFO:root:Converting subject: 0016037
INFO:root:Converting subject: 0016038
INFO:root:Converting subject: 0016039
INFO:root:Converting subject: 0016040
INFO:root:Converting subject: 0016041
INFO:root:Converting subject: 0016042
INFO:root:Converting subject: 0016043
INFO:root:Converting subject: 0016044
INFO:root:Converting subject: 0016045
INFO:root:Converting subject: 0016046
INFO:root:Converting subject: 0016047
INFO:root:Converting subject: 0016048
INFO:root:Converting subject: 0016049
INFO:root:Converting subject: 0016050
INFO:root:Converting subject: 0016051
INFO:root:Converting subject: 0016052
INFO:root:Converting subject: 0016053
INFO:root:Converting subject: 0016054
INFO:root:Converting subject: 0016055
INFO:root:Converting subject: 0016056
INFO:root:Converting subject: 0016057
INFO:root:Converting subject: 0016058
INFO:root:Converting subject: 0016059
INFO:root:Converting subject: 0016060
INFO:root:Converting subject: 0016061
INFO:root:Converting subject: 0016062
INFO:root:Converting subject: 0016063
INFO:root:Converting subject: 0016064
INFO:root:Converting subject: 0016065
INFO:root:Converting subject: 0016066
INFO:root:Converting subject: 0016067
INFO:root:Converting subject: 0016068
INFO:root:Converting subject: 0016069
INFO:root:Converting subject: 0016070
INFO:root:Converting subject: 0016071
INFO:root:Converting subject: 0016072
INFO:root:Converting subject: 0016073
INFO:root:Converting subject: 0016074
INFO:root:Converting subject: 0016075
INFO:root:Converting subject: 0016076
INFO:root:Converting subject: 0016077
INFO:root:Converting subject: 0016078
INFO:root:Converting subject: 0016079
INFO:root:Converting subject: 0016080
INFO:root:Converting subject: 0016081
INFO:root:Converting subject: 0016082
INFO:root:Converting subject: 0016083
INFO:root:Converting subject: 0016084
INFO:root:Converting subject: 0016085
INFO:root:Converting subject: 0016086
INFO:root:Converting subject: 0016087
INFO:root:Converting subject: 0016088
INFO:root:Converting subject: 0016089
INFO:root:Converting subject: 0025000
INFO:root:Converting subject: 0025001
INFO:root:Converting subject: 0025002
INFO:root:Converting subject: 0025003
INFO:root:Converting subject: 0025008
INFO:root:Converting subject: 0025009
INFO:root:Converting subject: 0025012
INFO:root:Converting subject: 0025013
INFO:root:Converting subject: 0025014
INFO:root:Writing NIDM file....
INFO:root:Serializing NIDM graph and creating graph visualization..
INFO:root:bidsmri2nidm Namespace(bidsignore=False, directory='/datasets.datalad.org/adhd200/RawDataBIDS/Pittsburgh', json_map='/Volumes/Research/dbkeator/Documents/ReproNim/simple_2/adhd200_vars_to_terms_v2.json', jsonld=False, logfile='/Users/dbkeator/Documents/Coding/simple2_NIDM_examples/logs', no_concepts=True, outputfile='/Users/dbkeator/Documents/Coding/simple2_NIDM_examples/datasets.datalad.org/adhd200/RawDataBIDS/Pittsburgh/nidm.ttl')
INFO:root:bidsmri2nidm Namespace(bidsignore=False, directory='/datasets.datalad.org/adhd200/RawDataBIDS/Pittsburgh', json_map='/Volumes/Research/dbkeator/Documents/ReproNim/simple_2/adhd200_vars_to_terms_v2.json', jsonld=False, logfile='/Users/dbkeator/Documents/Coding/simple2_NIDM_examples/logs', no_concepts=True, outputfile='/Users/dbkeator/Documents/Coding/simple2_NIDM_examples/datasets.datalad.org/adhd200/RawDataBIDS/Pittsburgh/nidm.ttl')
DEBUG:urllib3.connectionpool:Starting new HTTPS connection (1): scicrunch.org:443
DEBUG:urllib3.connectionpool:https://scicrunch.org:443 "GET /api/1/user/info?key=29hUT0BKdmUEgD6KLppEH9qDItY0eQXM HTTP/1.1" 200 None
DEBUG:urllib3.connectionpool:Starting new HTTPS connection (1): scicrunch.org:443
DEBUG:urllib3.connectionpool:https://scicrunch.org:443 "GET /api/1/user/info HTTP/1.1" 200 None
INFO:root:25000
INFO:root:25001
INFO:root:25002
INFO:root:25003
INFO:root:25008
INFO:root:25009
INFO:root:25012
INFO:root:25013
INFO:root:25014
INFO:root:25000
INFO:root:25001
INFO:root:25002
INFO:root:25003
INFO:root:25008
INFO:root:25009
INFO:root:25012
INFO:root:25013
INFO:root:25014
INFO:root:16058
INFO:root:16046
INFO:root:16060
INFO:root:16048
INFO:root:16029
INFO:root:16089
INFO:root:16004
INFO:root:16078
INFO:root:16073
INFO:root:16086
INFO:root:16072
INFO:root:16088
INFO:root:16012
INFO:root:16075
INFO:root:16041
INFO:root:16080
INFO:root:16087
INFO:root:16024
INFO:root:16043
INFO:root:16006
INFO:root:16084
INFO:root:16082
INFO:root:16034
INFO:root:16016
INFO:root:16005
INFO:root:16001
INFO:root:16017
INFO:root:16026
INFO:root:16037
INFO:root:16053
INFO:root:16050
INFO:root:16039
INFO:root:16013
INFO:root:16067
INFO:root:16031
INFO:root:16036
INFO:root:16022
INFO:root:16044
INFO:root:16063
INFO:root:16038
INFO:root:16070
INFO:root:16061
INFO:root:16042
INFO:root:16055
INFO:root:16049
INFO:root:16059
INFO:root:16045
INFO:root:16010
INFO:root:16047
INFO:root:16076
INFO:root:16069
INFO:root:16066
INFO:root:16062
INFO:root:16077
INFO:root:16052
INFO:root:16064
INFO:root:16027
INFO:root:16009
INFO:root:16056
INFO:root:16068
INFO:root:16018
INFO:root:16074
INFO:root:16085
INFO:root:16071
INFO:root:16008
INFO:root:16025
INFO:root:16033
INFO:root:16028
INFO:root:16007
INFO:root:16030
INFO:root:16021
INFO:root:16083
INFO:root:16020
INFO:root:16014
INFO:root:16079
INFO:root:16051
INFO:root:16040
INFO:root:16019
INFO:root:16065
INFO:root:16081
INFO:root:16032
INFO:root:16003
INFO:root:16011
INFO:root:16057
INFO:root:16015
INFO:root:16035
INFO:root:16023
INFO:root:16054
INFO:root:16002
INFO:root:Converting subject: 0016001
INFO:root:Converting subject: 0016002
INFO:root:Converting subject: 0016003
INFO:root:Converting subject: 0016004
INFO:root:Converting subject: 0016005
INFO:root:Converting subject: 0016006
INFO:root:Converting subject: 0016007
INFO:root:Converting subject: 0016008
INFO:root:Converting subject: 0016009
INFO:root:Converting subject: 0016010
INFO:root:Converting subject: 0016011
INFO:root:Converting subject: 0016012
INFO:root:Converting subject: 0016013
INFO:root:Converting subject: 0016014
INFO:root:Converting subject: 0016015
INFO:root:Converting subject: 0016016
INFO:root:Converting subject: 0016017
INFO:root:Converting subject: 0016018
INFO:root:Converting subject: 0016019
INFO:root:Converting subject: 0016020
INFO:root:Converting subject: 0016021
INFO:root:Converting subject: 0016022
INFO:root:Converting subject: 0016023
INFO:root:Converting subject: 0016024
INFO:root:Converting subject: 0016025
INFO:root:Converting subject: 0016026
INFO:root:Converting subject: 0016027
INFO:root:Converting subject: 0016028
INFO:root:Converting subject: 0016029
INFO:root:Converting subject: 0016030
INFO:root:Converting subject: 0016031
INFO:root:Converting subject: 0016032
INFO:root:Converting subject: 0016033
INFO:root:Converting subject: 0016034
INFO:root:Converting subject: 0016035
INFO:root:Converting subject: 0016036
INFO:root:Converting subject: 0016037
INFO:root:Converting subject: 0016038
INFO:root:Converting subject: 0016039
INFO:root:Converting subject: 0016040
INFO:root:Converting subject: 0016041
INFO:root:Converting subject: 0016042
INFO:root:Converting subject: 0016043
INFO:root:Converting subject: 0016044
INFO:root:Converting subject: 0016045
INFO:root:Converting subject: 0016046
INFO:root:Converting subject: 0016047
INFO:root:Converting subject: 0016048
INFO:root:Converting subject: 0016049
INFO:root:Converting subject: 0016050
INFO:root:Converting subject: 0016051
INFO:root:Converting subject: 0016052
INFO:root:Converting subject: 0016053
INFO:root:Converting subject: 0016054
INFO:root:Converting subject: 0016055
INFO:root:Converting subject: 0016056
INFO:root:Converting subject: 0016057
INFO:root:Converting subject: 0016058
INFO:root:Converting subject: 0016059
INFO:root:Converting subject: 0016060
INFO:root:Converting subject: 0016061
INFO:root:Converting subject: 0016062
INFO:root:Converting subject: 0016063
INFO:root:Converting subject: 0016064
INFO:root:Converting subject: 0016065
INFO:root:Converting subject: 0016066
INFO:root:Converting subject: 0016067
INFO:root:Converting subject: 0016068
INFO:root:Converting subject: 0016069
INFO:root:Converting subject: 0016070
INFO:root:Converting subject: 0016071
INFO:root:Converting subject: 0016072
INFO:root:Converting subject: 0016073
INFO:root:Converting subject: 0016074
INFO:root:Converting subject: 0016075
INFO:root:Converting subject: 0016076
INFO:root:Converting subject: 0016077
INFO:root:Converting subject: 0016078
INFO:root:Converting subject: 0016079
INFO:root:Converting subject: 0016080
INFO:root:Converting subject: 0016081
INFO:root:Converting subject: 0016082
INFO:root:Converting subject: 0016083
INFO:root:Converting subject: 0016084
INFO:root:Converting subject: 0016085
INFO:root:Converting subject: 0016086
INFO:root:Converting subject: 0016087
INFO:root:Converting subject: 0016088
INFO:root:Converting subject: 0016089
INFO:root:Converting subject: 0025000
INFO:root:Converting subject: 0025001
INFO:root:Converting subject: 0025002
INFO:root:Converting subject: 0025003
INFO:root:Converting subject: 0025008
INFO:root:Converting subject: 0025009
INFO:root:Converting subject: 0025012
INFO:root:Converting subject: 0025013
INFO:root:Converting subject: 0025014
INFO:root:Writing NIDM file....
INFO:root:Serializing NIDM graph and creating graph visualization..
INFO:root:bidsmri2nidm Namespace(bidsignore=False, directory='/datasets.datalad.org/adhd200/RawDataBIDS/Pittsburgh', json_map='/Volumes/Research/dbkeator/Documents/ReproNim/simple_2/adhd200_vars_to_terms_v2.json', jsonld=False, logfile='/Users/dbkeator/Documents/Coding/simple2_NIDM_examples/logs', no_concepts=True, outputfile='/Users/dbkeator/Documents/Coding/simple2_NIDM_examples/datasets.datalad.org/adhd200/RawDataBIDS/Pittsburgh/nidm.ttl')
DEBUG:urllib3.connectionpool:Starting new HTTPS connection (1): scicrunch.org:443
DEBUG:urllib3.connectionpool:https://scicrunch.org:443 "GET /api/1/user/info?key=29hUT0BKdmUEgD6KLppEH9qDItY0eQXM HTTP/1.1" 200 None
DEBUG:urllib3.connectionpool:Starting new HTTPS connection (1): scicrunch.org:443
DEBUG:urllib3.connectionpool:https://scicrunch.org:443 "GET /api/1/user/info HTTP/1.1" 200 None
INFO:root:25000
INFO:root:25001
INFO:root:25002
INFO:root:25003
INFO:root:25008
INFO:root:25009
INFO:root:25012
INFO:root:25013
INFO:root:25014
INFO:root:25000
INFO:root:25001
INFO:root:25002
INFO:root:25003
INFO:root:25008
INFO:root:25009
INFO:root:25012
INFO:root:25013
INFO:root:25014
INFO:root:16058
INFO:root:16046
INFO:root:16060
INFO:root:16048
INFO:root:16029
INFO:root:16089
INFO:root:16004
INFO:root:16078
INFO:root:16073
INFO:root:16086
INFO:root:16072
INFO:root:16088
INFO:root:16012
INFO:root:16075
INFO:root:16041
INFO:root:16080
INFO:root:16087
INFO:root:16024
INFO:root:16043
INFO:root:16006
INFO:root:16084
INFO:root:16082
INFO:root:16034
INFO:root:16016
INFO:root:16005
INFO:root:16001
INFO:root:16017
INFO:root:16026
INFO:root:16037
INFO:root:16053
INFO:root:16050
INFO:root:16039
INFO:root:16013
INFO:root:16067
INFO:root:16031
INFO:root:16036
INFO:root:16022
INFO:root:16044
INFO:root:16063
INFO:root:16038
INFO:root:16070
INFO:root:16061
INFO:root:16042
INFO:root:16055
INFO:root:16049
INFO:root:16059
INFO:root:16045
INFO:root:16010
INFO:root:16047
INFO:root:16076
INFO:root:16069
INFO:root:16066
INFO:root:16062
INFO:root:16077
INFO:root:16052
INFO:root:16064
INFO:root:16027
INFO:root:16009
INFO:root:16056
INFO:root:16068
INFO:root:16018
INFO:root:16074
INFO:root:16085
INFO:root:16071
INFO:root:16008
INFO:root:16025
INFO:root:16033
INFO:root:16028
INFO:root:16007
INFO:root:16030
INFO:root:16021
INFO:root:16083
INFO:root:16020
INFO:root:16014
INFO:root:16079
INFO:root:16051
INFO:root:16040
INFO:root:16019
INFO:root:16065
INFO:root:16081
INFO:root:16032
INFO:root:16003
INFO:root:16011
INFO:root:16057
INFO:root:16015
INFO:root:16035
INFO:root:16023
INFO:root:16054
INFO:root:16002
INFO:root:Converting subject: 0016001
INFO:root:Converting subject: 0016002
INFO:root:Converting subject: 0016003
INFO:root:Converting subject: 0016004
INFO:root:Converting subject: 0016005
INFO:root:Converting subject: 0016006
INFO:root:Converting subject: 0016007
INFO:root:Converting subject: 0016008
INFO:root:Converting subject: 0016009
INFO:root:Converting subject: 0016010
INFO:root:Converting subject: 0016011
INFO:root:Converting subject: 0016012
INFO:root:Converting subject: 0016013
INFO:root:Converting subject: 0016014
INFO:root:Converting subject: 0016015
INFO:root:Converting subject: 0016016
INFO:root:Converting subject: 0016017
INFO:root:Converting subject: 0016018
INFO:root:Converting subject: 0016019
INFO:root:Converting subject: 0016020
INFO:root:Converting subject: 0016021
INFO:root:Converting subject: 0016022
INFO:root:Converting subject: 0016023
INFO:root:Converting subject: 0016024
INFO:root:Converting subject: 0016025
INFO:root:Converting subject: 0016026
INFO:root:Converting subject: 0016027
INFO:root:Converting subject: 0016028
INFO:root:Converting subject: 0016029
INFO:root:Converting subject: 0016030
INFO:root:Converting subject: 0016031
INFO:root:Converting subject: 0016032
INFO:root:Converting subject: 0016033
INFO:root:Converting subject: 0016034
INFO:root:Converting subject: 0016035
INFO:root:Converting subject: 0016036
INFO:root:Converting subject: 0016037
INFO:root:Converting subject: 0016038
INFO:root:Converting subject: 0016039
INFO:root:Converting subject: 0016040
INFO:root:Converting subject: 0016041
INFO:root:Converting subject: 0016042
INFO:root:Converting subject: 0016043
INFO:root:Converting subject: 0016044
INFO:root:Converting subject: 0016045
INFO:root:Converting subject: 0016046
INFO:root:Converting subject: 0016047
INFO:root:Converting subject: 0016048
INFO:root:Converting subject: 0016049
INFO:root:Converting subject: 0016050
INFO:root:Converting subject: 0016051
INFO:root:Converting subject: 0016052
INFO:root:Converting subject: 0016053
INFO:root:Converting subject: 0016054
INFO:root:Converting subject: 0016055
INFO:root:Converting subject: 0016056
INFO:root:Converting subject: 0016057
INFO:root:Converting subject: 0016058
INFO:root:Converting subject: 0016059
INFO:root:Converting subject: 0016060
INFO:root:Converting subject: 0016061
INFO:root:Converting subject: 0016062
INFO:root:Converting subject: 0016063
INFO:root:Converting subject: 0016064
INFO:root:Converting subject: 0016065
INFO:root:Converting subject: 0016066
INFO:root:Converting subject: 0016067
INFO:root:Converting subject: 0016068
INFO:root:Converting subject: 0016069
INFO:root:Converting subject: 0016070
INFO:root:Converting subject: 0016071
INFO:root:Converting subject: 0016072
INFO:root:Converting subject: 0016073
INFO:root:Converting subject: 0016074
INFO:root:Converting subject: 0016075
INFO:root:Converting subject: 0016076
INFO:root:Converting subject: 0016077
INFO:root:Converting subject: 0016078
INFO:root:Converting subject: 0016079
INFO:root:Converting subject: 0016080
INFO:root:Converting subject: 0016081
INFO:root:Converting subject: 0016082
INFO:root:Converting subject: 0016083
INFO:root:Converting subject: 0016084
INFO:root:Converting subject: 0016085
INFO:root:Converting subject: 0016086
INFO:root:Converting subject: 0016087
INFO:root:Converting subject: 0016088
INFO:root:Converting subject: 0016089
INFO:root:Converting subject: 0025000
INFO:root:Converting subject: 0025001
INFO:root:Converting subject: 0025002
INFO:root:Converting subject: 0025003
INFO:root:Converting subject: 0025008
INFO:root:Converting subject: 0025009
INFO:root:Converting subject: 0025012
INFO:root:Converting subject: 0025013
INFO:root:Converting subject: 0025014
INFO:root:Writing NIDM file....
INFO:root:Serializing NIDM graph and creating graph visualization..
